{"C:\\Users\\gabri\\OneDrive\\Área de Trabalho\\biblioteca_system\\server\\test\\file\\file.ts": {"path":"C:\\Users\\gabri\\OneDrive\\Área de Trabalho\\biblioteca_system\\server\\test\\file\\file.ts","statementMap":{"0":{"start":{"line":2,"column":20},"end":{"line":4,"column":1}},"1":{"start":{"line":3,"column":4},"end":{"line":3,"column":17}},"2":{"start":{"line":2,"column":14},"end":{"line":2,"column":20}}},"fnMap":{"0":{"name":"(anonymous_0)","decl":{"start":{"line":2,"column":20},"end":{"line":2,"column":21}},"loc":{"start":{"line":2,"column":44},"end":{"line":4,"column":1}}}},"branchMap":{},"s":{"0":1,"1":1,"2":1},"f":{"0":1},"b":{}}
}
